  ColisionData.cpp
E:\Github\8570390-217CR\217-Hovercraft\SphereCollider.h(29,55): error C2061: syntax error: identifier 'ColisionData'
  Cube.cpp
E:\Github\8570390-217CR\217-Hovercraft\ColisionData.h(14,12): error C2143: syntax error: missing ';' before '*'
E:\Github\8570390-217CR\217-Hovercraft\ColisionData.h(14,12): error C4430: missing type specifier - int assumed. Note: C++ does not support default-int
E:\Github\8570390-217CR\217-Hovercraft\ColisionData.h(14,18): error C2238: unexpected token(s) preceding ';'
E:\Github\8570390-217CR\217-Hovercraft\ColisionData.h(15,12): error C2143: syntax error: missing ';' before '*'
E:\Github\8570390-217CR\217-Hovercraft\ColisionData.h(15,12): error C4430: missing type specifier - int assumed. Note: C++ does not support default-int
E:\Github\8570390-217CR\217-Hovercraft\ColisionData.h(15,18): error C2238: unexpected token(s) preceding ';'
  ForceGenerator.cpp
E:\Github\8570390-217CR\217-Hovercraft\ColisionData.h(14,12): error C2143: syntax error: missing ';' before '*'
E:\Github\8570390-217CR\217-Hovercraft\ColisionData.h(14,12): error C4430: missing type specifier - int assumed. Note: C++ does not support default-int
E:\Github\8570390-217CR\217-Hovercraft\ColisionData.h(14,18): error C2238: unexpected token(s) preceding ';'
E:\Github\8570390-217CR\217-Hovercraft\ColisionData.h(15,12): error C2143: syntax error: missing ';' before '*'
E:\Github\8570390-217CR\217-Hovercraft\ColisionData.h(15,12): error C4430: missing type specifier - int assumed. Note: C++ does not support default-int
E:\Github\8570390-217CR\217-Hovercraft\ColisionData.h(15,18): error C2238: unexpected token(s) preceding ';'
  GameEngine.cpp
E:\Github\8570390-217CR\217-Hovercraft\ColisionData.h(14,12): error C2143: syntax error: missing ';' before '*'
E:\Github\8570390-217CR\217-Hovercraft\ColisionData.h(14,12): error C4430: missing type specifier - int assumed. Note: C++ does not support default-int
E:\Github\8570390-217CR\217-Hovercraft\ColisionData.h(14,18): error C2238: unexpected token(s) preceding ';'
E:\Github\8570390-217CR\217-Hovercraft\ColisionData.h(15,12): error C2143: syntax error: missing ';' before '*'
E:\Github\8570390-217CR\217-Hovercraft\ColisionData.h(15,12): error C4430: missing type specifier - int assumed. Note: C++ does not support default-int
E:\Github\8570390-217CR\217-Hovercraft\ColisionData.h(15,18): error C2238: unexpected token(s) preceding ';'
E:\Github\8570390-217CR\217-Hovercraft\GameEngine.cpp(14,18): warning C4244: 'initializing': conversion from 'int' to 'float', possible loss of data
E:\Github\8570390-217CR\217-Hovercraft\GameEngine.cpp(20,20): warning C4018: '<': signed/unsigned mismatch
E:\Github\8570390-217CR\217-Hovercraft\GameEngine.cpp(22,25): warning C4018: '<': signed/unsigned mismatch
E:\Github\8570390-217CR\217-Hovercraft\GameEngine.cpp(37,20): error C2039: 'obj1': is not a member of 'ColisionData'
E:\Github\8570390-217CR\217-Hovercraft\ColisionData.h(9): message : see declaration of 'ColisionData'
E:\Github\8570390-217CR\217-Hovercraft\GameEngine.cpp(38,20): error C2039: 'obj2': is not a member of 'ColisionData'
E:\Github\8570390-217CR\217-Hovercraft\ColisionData.h(9): message : see declaration of 'ColisionData'
E:\Github\8570390-217CR\217-Hovercraft\GameEngine.cpp(54,20): warning C4018: '<': signed/unsigned mismatch
E:\Github\8570390-217CR\217-Hovercraft\GameEngine.cpp(59,20): warning C4018: '<': signed/unsigned mismatch
E:\Github\8570390-217CR\217-Hovercraft\GameEngine.cpp(77,20): warning C4018: '<': signed/unsigned mismatch
E:\Github\8570390-217CR\217-Hovercraft\GameEngine.cpp(87,20): warning C4018: '<': signed/unsigned mismatch
  GameObject.cpp
E:\Github\8570390-217CR\217-Hovercraft\ColisionData.h(14,12): error C2143: syntax error: missing ';' before '*'
E:\Github\8570390-217CR\217-Hovercraft\ColisionData.h(14,12): error C4430: missing type specifier - int assumed. Note: C++ does not support default-int
E:\Github\8570390-217CR\217-Hovercraft\ColisionData.h(14,18): error C2238: unexpected token(s) preceding ';'
E:\Github\8570390-217CR\217-Hovercraft\ColisionData.h(15,12): error C2143: syntax error: missing ';' before '*'
E:\Github\8570390-217CR\217-Hovercraft\ColisionData.h(15,12): error C4430: missing type specifier - int assumed. Note: C++ does not support default-int
E:\Github\8570390-217CR\217-Hovercraft\ColisionData.h(15,18): error C2238: unexpected token(s) preceding ';'
  main.cpp
E:\Github\8570390-217CR\217-Hovercraft\ColisionData.h(14,12): error C2143: syntax error: missing ';' before '*'
E:\Github\8570390-217CR\217-Hovercraft\ColisionData.h(14,12): error C4430: missing type specifier - int assumed. Note: C++ does not support default-int
E:\Github\8570390-217CR\217-Hovercraft\ColisionData.h(14,18): error C2238: unexpected token(s) preceding ';'
E:\Github\8570390-217CR\217-Hovercraft\ColisionData.h(15,12): error C2143: syntax error: missing ';' before '*'
E:\Github\8570390-217CR\217-Hovercraft\ColisionData.h(15,12): error C4430: missing type specifier - int assumed. Note: C++ does not support default-int
E:\Github\8570390-217CR\217-Hovercraft\ColisionData.h(15,18): error C2238: unexpected token(s) preceding ';'
  Particle.cpp
E:\Github\8570390-217CR\217-Hovercraft\ColisionData.h(14,12): error C2143: syntax error: missing ';' before '*'
E:\Github\8570390-217CR\217-Hovercraft\ColisionData.h(14,12): error C4430: missing type specifier - int assumed. Note: C++ does not support default-int
E:\Github\8570390-217CR\217-Hovercraft\ColisionData.h(14,18): error C2238: unexpected token(s) preceding ';'
E:\Github\8570390-217CR\217-Hovercraft\ColisionData.h(15,12): error C2143: syntax error: missing ';' before '*'
E:\Github\8570390-217CR\217-Hovercraft\ColisionData.h(15,12): error C4430: missing type specifier - int assumed. Note: C++ does not support default-int
E:\Github\8570390-217CR\217-Hovercraft\ColisionData.h(15,18): error C2238: unexpected token(s) preceding ';'
  Player.cpp
E:\Github\8570390-217CR\217-Hovercraft\ColisionData.h(14,12): error C2143: syntax error: missing ';' before '*'
E:\Github\8570390-217CR\217-Hovercraft\ColisionData.h(14,12): error C4430: missing type specifier - int assumed. Note: C++ does not support default-int
E:\Github\8570390-217CR\217-Hovercraft\ColisionData.h(14,18): error C2238: unexpected token(s) preceding ';'
E:\Github\8570390-217CR\217-Hovercraft\ColisionData.h(15,12): error C2143: syntax error: missing ';' before '*'
E:\Github\8570390-217CR\217-Hovercraft\ColisionData.h(15,12): error C4430: missing type specifier - int assumed. Note: C++ does not support default-int
E:\Github\8570390-217CR\217-Hovercraft\ColisionData.h(15,18): error C2238: unexpected token(s) preceding ';'
  RigidBody2D.cpp
E:\Github\8570390-217CR\217-Hovercraft\ColisionData.h(14,12): error C2143: syntax error: missing ';' before '*'
E:\Github\8570390-217CR\217-Hovercraft\ColisionData.h(14,12): error C4430: missing type specifier - int assumed. Note: C++ does not support default-int
E:\Github\8570390-217CR\217-Hovercraft\ColisionData.h(14,18): error C2238: unexpected token(s) preceding ';'
E:\Github\8570390-217CR\217-Hovercraft\ColisionData.h(15,12): error C2143: syntax error: missing ';' before '*'
E:\Github\8570390-217CR\217-Hovercraft\ColisionData.h(15,12): error C4430: missing type specifier - int assumed. Note: C++ does not support default-int
E:\Github\8570390-217CR\217-Hovercraft\ColisionData.h(15,18): error C2238: unexpected token(s) preceding ';'
  SphereCollider.cpp
E:\Github\8570390-217CR\217-Hovercraft\GameObject.h(20,20): error C3646: 'SpC': unknown override specifier
E:\Github\8570390-217CR\217-Hovercraft\GameObject.h(20,20): error C4430: missing type specifier - int assumed. Note: C++ does not support default-int
  Generating Code...
