  ForceGenerator.cpp
  main.cpp
E:\Github\8570390-217CR\217-Hovercraft\main.cpp(149,29): warning C4244: '=': conversion from 'int' to 'float', possible loss of data
  Particle.cpp
  Player.cpp
  RigidBody2D.cpp
  Generating Code...
Cube.obj : error LNK2019: unresolved external symbol __imp_glutSolidCube referenced in function "public: virtual void __cdecl Cube::Draw(void)" (?Draw@Cube@@UEAAXXZ)
main.obj : error LNK2019: unresolved external symbol __imp_glewInit referenced in function main
main.obj : error LNK2019: unresolved external symbol __imp_glutInitWindowPosition referenced in function main
main.obj : error LNK2019: unresolved external symbol __imp_glutInitWindowSize referenced in function main
main.obj : error LNK2019: unresolved external symbol __imp_glutInitDisplayMode referenced in function main
main.obj : error LNK2019: unresolved external symbol __imp_glutMainLoop referenced in function main
main.obj : error LNK2019: unresolved external symbol __imp_glutPostRedisplay referenced in function "void __cdecl idle(void)" (?idle@@YAXXZ)
main.obj : error LNK2019: unresolved external symbol __imp_glutSwapBuffers referenced in function "void __cdecl drawScene(void)" (?drawScene@@YAXXZ)
main.obj : error LNK2019: unresolved external symbol __imp_glutIdleFunc referenced in function main
main.obj : error LNK2019: unresolved external symbol __imp_glutKeyboardFunc referenced in function main
main.obj : error LNK2019: unresolved external symbol __imp_glutSpecialFunc referenced in function main
main.obj : error LNK2019: unresolved external symbol __imp_glutReshapeFunc referenced in function main
main.obj : error LNK2019: unresolved external symbol __imp_glutDisplayFunc referenced in function main
main.obj : error LNK2019: unresolved external symbol __imp_glutKeyboardUpFunc referenced in function main
main.obj : error LNK2019: unresolved external symbol __imp_glutSpecialUpFunc referenced in function main
main.obj : error LNK2019: unresolved external symbol __imp_glutGet referenced in function "void __cdecl idle(void)" (?idle@@YAXXZ)
main.obj : error LNK2019: unresolved external symbol __imp___glutInitWithExit referenced in function glutInit_ATEXIT_HACK
main.obj : error LNK2019: unresolved external symbol __imp___glutCreateWindowWithExit referenced in function glutCreateWindow_ATEXIT_HACK
main.obj : error LNK2019: unresolved external symbol __imp_glutInitContextVersion referenced in function main
main.obj : error LNK2019: unresolved external symbol __imp_glutInitContextProfile referenced in function main
main.obj : error LNK2001: unresolved external symbol __imp_glewExperimental
Particle.obj : error LNK2019: unresolved external symbol __imp_glutSolidSphere referenced in function "public: virtual void __cdecl Particle::Draw(void)" (?Draw@Particle@@UEAAXXZ)
Player.obj : error LNK2001: unresolved external symbol __imp_glutSolidSphere
.\include\freeglut.lib : warning LNK4272: library machine type 'x86' conflicts with target machine type 'x64'
.\include\glew32.lib : warning LNK4272: library machine type 'x86' conflicts with target machine type 'x64'
E:\Github\8570390-217CR\217-Hovercraft\x64\Debug\217-Hovercraft.exe : fatal error LNK1120: 22 unresolved externals
